app/build/intermediates/manifest_merge_blame_file/debug/manifest-merger-blame-debug-report.txt
1<?xml version="1.0" encoding="utf-8"?>
2<manifest xmlns:android="http://schemas.android.com/apk/res/android"
3    package="com.niit.android"
4    android:versionCode="1"
5    android:versionName="1.0" >
6
7    <uses-sdk
8        android:minSdkVersion="10"
8-->src\main\AndroidManifest.xml
9        android:targetSdkVersion="10" />
9-->src\main\AndroidManifest.xml
10
11    <application
11-->src\main\AndroidManifest.xml:7:5-54:19
12        android:debuggable="true"
13        android:icon="@drawable/ic_launcher"
13-->src\main\AndroidManifest.xml:8:9-45
14        android:label="@string/app_name"
14-->src\main\AndroidManifest.xml:9:9-41
15        android:testOnly="true" >
16        <activity
16-->src\main\AndroidManifest.xml:10:9-18:20
17            android:name="com.niit.android.LayoutSampleActivity"
17-->src\main\AndroidManifest.xml:11:13-49
18            android:label="@string/app_name" >
18-->src\main\AndroidManifest.xml:12:13-45
19            <intent-filter>
19-->src\main\AndroidManifest.xml:13:13-17:29
20                <action android:name="android.intent.action.MAIN" />
20-->src\main\AndroidManifest.xml:14:17-69
20-->src\main\AndroidManifest.xml:14:25-66
21
22                <category android:name="android.intent.category.LAUNCHER" />
22-->src\main\AndroidManifest.xml:16:17-77
22-->src\main\AndroidManifest.xml:16:27-74
23            </intent-filter>
24        </activity>
25        <activity
25-->src\main\AndroidManifest.xml:19:9-25:20
26            android:name="com.niit.android.FillParentActivity"
26-->src\main\AndroidManifest.xml:20:13-47
27            android:label="@string/app_name" >
27-->src\main\AndroidManifest.xml:21:13-45
28            <intent-filter>
28-->src\main\AndroidManifest.xml:22:13-24:29
29                <action android:name="android.intent.action.MAIN" />
29-->src\main\AndroidManifest.xml:14:17-69
29-->src\main\AndroidManifest.xml:14:25-66
30            </intent-filter>
31        </activity>
32        <activity
32-->src\main\AndroidManifest.xml:26:9-32:20
33            android:name="com.niit.android.WrapContentActivity"
33-->src\main\AndroidManifest.xml:27:13-48
34            android:label="@string/app_name" >
34-->src\main\AndroidManifest.xml:28:13-45
35            <intent-filter>
35-->src\main\AndroidManifest.xml:22:13-24:29
36                <action android:name="android.intent.action.MAIN" />
36-->src\main\AndroidManifest.xml:14:17-69
36-->src\main\AndroidManifest.xml:14:25-66
37            </intent-filter>
38        </activity>
39        <activity
39-->src\main\AndroidManifest.xml:33:9-39:20
40            android:name="com.niit.android.WeightActivity"
40-->src\main\AndroidManifest.xml:34:13-43
41            android:label="@string/app_name" >
41-->src\main\AndroidManifest.xml:35:13-45
42            <intent-filter>
42-->src\main\AndroidManifest.xml:22:13-24:29
43                <action android:name="android.intent.action.MAIN" />
43-->src\main\AndroidManifest.xml:14:17-69
43-->src\main\AndroidManifest.xml:14:25-66
44            </intent-filter>
45        </activity>
46        <activity
46-->src\main\AndroidManifest.xml:40:9-46:20
47            android:name="com.niit.android.GravityActivity"
47-->src\main\AndroidManifest.xml:41:13-44
48            android:label="@string/app_name" >
48-->src\main\AndroidManifest.xml:42:13-45
49            <intent-filter>
49-->src\main\AndroidManifest.xml:22:13-24:29
50                <action android:name="android.intent.action.MAIN" />
50-->src\main\AndroidManifest.xml:14:17-69
50-->src\main\AndroidManifest.xml:14:25-66
51            </intent-filter>
52        </activity>
53        <activity
53-->src\main\AndroidManifest.xml:47:9-53:20
54            android:name="com.niit.android.PaddingActivity"
54-->src\main\AndroidManifest.xml:48:13-44
55            android:label="@string/app_name" >
55-->src\main\AndroidManifest.xml:49:13-45
56            <intent-filter>
56-->src\main\AndroidManifest.xml:22:13-24:29
57                <action android:name="android.intent.action.MAIN" />
57-->src\main\AndroidManifest.xml:14:17-69
57-->src\main\AndroidManifest.xml:14:25-66
58            </intent-filter>
59        </activity>
60    </application>
61
62</manifest>